{
  "stats": {
    "suites": 1,
    "tests": 2,
    "passes": 2,
    "pending": 0,
    "failures": 0,
    "start": "2023-08-08T16:21:15.205Z",
    "end": "2023-08-08T16:21:19.251Z",
    "duration": 4046,
    "testsRegistered": 2,
    "passPercent": 100,
    "pendingPercent": 0,
    "other": 0,
    "hasOther": false,
    "skipped": 0,
    "hasSkipped": false
  },
  "results": [
    {
      "uuid": "72d853c3-0e2f-4a2c-bd7d-39a78ab60acb",
      "title": "",
      "fullFile": "cypress\\e2e\\checkoutTestPatternsAppActions.cy.js",
      "file": "cypress\\e2e\\checkoutTestPatternsAppActions.cy.js",
      "beforeHooks": [],
      "afterHooks": [],
      "tests": [],
      "suites": [
        {
          "uuid": "03df9767-98e2-4c29-80b5-5c2a690b01cd",
          "title": "Checkout",
          "fullFile": "",
          "file": "",
          "beforeHooks": [],
          "afterHooks": [],
          "tests": [
            {
              "title": "login",
              "fullTitle": "Checkout login",
              "timedOut": null,
              "duration": 2706,
              "state": "passed",
              "speed": "fast",
              "pass": true,
              "fail": false,
              "pending": false,
              "context": null,
              "code": "cy.login(data.email, data.senha);",
              "err": {},
              "uuid": "ed558c9c-defd-4605-bae1-b48619ce46aa",
              "parentUUID": "03df9767-98e2-4c29-80b5-5c2a690b01cd",
              "isHook": false,
              "skipped": false
            },
            {
              "title": "chekout",
              "fullTitle": "Checkout chekout",
              "timedOut": null,
              "duration": 1259,
              "state": "passed",
              "speed": "fast",
              "pass": true,
              "fail": false,
              "pending": false,
              "context": null,
              "code": "cy.checkout();\n// checkoutDashboard.contaPage.should('be.visible')\ncy.get('.page-title').should('be.visible');",
              "err": {},
              "uuid": "67be0cc3-ca0d-4ee3-9181-064cd127d63e",
              "parentUUID": "03df9767-98e2-4c29-80b5-5c2a690b01cd",
              "isHook": false,
              "skipped": false
            }
          ],
          "suites": [],
          "passes": [
            "ed558c9c-defd-4605-bae1-b48619ce46aa",
            "67be0cc3-ca0d-4ee3-9181-064cd127d63e"
          ],
          "failures": [],
          "pending": [],
          "skipped": [],
          "duration": 3965,
          "root": false,
          "rootEmpty": false,
          "_timeout": 2000
        }
      ],
      "passes": [],
      "failures": [],
      "pending": [],
      "skipped": [],
      "duration": 0,
      "root": true,
      "rootEmpty": true,
      "_timeout": 2000
    }
  ],
  "meta": {
    "mocha": {
      "version": "7.0.1"
    },
    "mochawesome": {
      "options": {
        "quiet": false,
        "reportFilename": "mochawesome",
        "saveHtml": false,
        "saveJson": true,
        "consoleReporter": "spec",
        "useInlineDiffs": false,
        "code": true
      },
      "version": "7.1.3"
    },
    "marge": {
      "options": {
        "reportDir": "mochawesome-report",
        "overwrite": false,
        "html": false,
        "json": true
      },
      "version": "6.2.0"
    }
  }
}