{
  "stats": {
    "suites": 3,
    "tests": 1,
    "passes": 1,
    "pending": 0,
    "failures": 0,
    "start": "2023-07-07T22:03:29.592Z",
    "end": "2023-07-07T22:03:40.989Z",
    "duration": 11397,
    "testsRegistered": 1,
    "passPercent": 100,
    "pendingPercent": 0,
    "other": 0,
    "hasOther": false,
    "skipped": 0,
    "hasSkipped": false
  },
  "results": [
    {
      "uuid": "c20835e9-d329-465a-95e0-3368a65be7d8",
      "title": "",
      "fullFile": "cypress\\e2e\\bddTestPartterns.cy.js",
      "file": "cypress\\e2e\\bddTestPartterns.cy.js",
      "beforeHooks": [],
      "afterHooks": [],
      "tests": [],
      "suites": [
        {
          "uuid": "f5dd1a73-87c8-4cfb-8f95-2ed787d46a40",
          "title": "Realizar novo cadastro",
          "fullFile": "",
          "file": "",
          "beforeHooks": [],
          "afterHooks": [],
          "tests": [],
          "suites": [
            {
              "uuid": "f1908633-c90a-42de-9bb1-5cd4c35ad0d9",
              "title": "Given I visit EBAC Store",
              "fullFile": "",
              "file": "",
              "beforeHooks": [],
              "afterHooks": [],
              "tests": [],
              "suites": [
                {
                  "uuid": "4e73e2c8-17e7-4426-8464-355aae80263d",
                  "title": "When I register new email Otilia.Jacobs89@gmail.com and pass kK4tKVoELZt4uf4",
                  "fullFile": "",
                  "file": "",
                  "beforeHooks": [],
                  "afterHooks": [],
                  "tests": [
                    {
                      "title": "Then the user dashboard page should be visible",
                      "fullTitle": "Realizar novo cadastro Given I visit EBAC Store When I register new email Otilia.Jacobs89@gmail.com and pass kK4tKVoELZt4uf4 Then the user dashboard page should be visible",
                      "timedOut": null,
                      "duration": 11306,
                      "state": "passed",
                      "speed": "slow",
                      "pass": true,
                      "fail": false,
                      "pending": false,
                      "context": null,
                      "code": "cy.get('.woocommerce-MyAccount-navigation').should('be.visible');",
                      "err": {},
                      "uuid": "ce84478c-592d-46ed-93f5-41976c48a343",
                      "parentUUID": "4e73e2c8-17e7-4426-8464-355aae80263d",
                      "isHook": false,
                      "skipped": false
                    }
                  ],
                  "suites": [],
                  "passes": [
                    "ce84478c-592d-46ed-93f5-41976c48a343"
                  ],
                  "failures": [],
                  "pending": [],
                  "skipped": [],
                  "duration": 11306,
                  "root": false,
                  "rootEmpty": false,
                  "_timeout": 2000
                }
              ],
              "passes": [],
              "failures": [],
              "pending": [],
              "skipped": [],
              "duration": 0,
              "root": false,
              "rootEmpty": false,
              "_timeout": 2000
            }
          ],
          "passes": [],
          "failures": [],
          "pending": [],
          "skipped": [],
          "duration": 0,
          "root": false,
          "rootEmpty": false,
          "_timeout": 2000
        }
      ],
      "passes": [],
      "failures": [],
      "pending": [],
      "skipped": [],
      "duration": 0,
      "root": true,
      "rootEmpty": true,
      "_timeout": 2000
    }
  ],
  "meta": {
    "mocha": {
      "version": "7.0.1"
    },
    "mochawesome": {
      "options": {
        "quiet": false,
        "reportFilename": "mochawesome",
        "saveHtml": false,
        "saveJson": true,
        "consoleReporter": "spec",
        "useInlineDiffs": false,
        "code": true
      },
      "version": "7.1.3"
    },
    "marge": {
      "options": {
        "reportDir": "mochawesome-report",
        "overwrite": false,
        "html": false,
        "json": true
      },
      "version": "6.2.0"
    }
  }
}