{
  "stats": {
    "suites": 1,
    "tests": 2,
    "passes": 2,
    "pending": 0,
    "failures": 0,
    "start": "2023-07-07T22:04:10.285Z",
    "end": "2023-07-07T22:04:15.434Z",
    "duration": 5149,
    "testsRegistered": 2,
    "passPercent": 100,
    "pendingPercent": 0,
    "other": 0,
    "hasOther": false,
    "skipped": 0,
    "hasSkipped": false
  },
  "results": [
    {
      "uuid": "770b764f-29eb-4899-9ac7-796fa9d2da76",
      "title": "",
      "fullFile": "cypress\\e2e\\checkoutTestPatternsAppActions.cy.js",
      "file": "cypress\\e2e\\checkoutTestPatternsAppActions.cy.js",
      "beforeHooks": [],
      "afterHooks": [],
      "tests": [],
      "suites": [
        {
          "uuid": "98fb8b94-959d-4ca7-8f01-707eae7b56d5",
          "title": "Checkout",
          "fullFile": "",
          "file": "",
          "beforeHooks": [],
          "afterHooks": [],
          "tests": [
            {
              "title": "login",
              "fullTitle": "Checkout login",
              "timedOut": null,
              "duration": 3624,
              "state": "passed",
              "speed": "fast",
              "pass": true,
              "fail": false,
              "pending": false,
              "context": null,
              "code": "cy.login(data.email, data.senha);",
              "err": {},
              "uuid": "24240987-a9cf-4613-a71b-51c72caa2027",
              "parentUUID": "98fb8b94-959d-4ca7-8f01-707eae7b56d5",
              "isHook": false,
              "skipped": false
            },
            {
              "title": "chekout",
              "fullTitle": "Checkout chekout",
              "timedOut": null,
              "duration": 1457,
              "state": "passed",
              "speed": "fast",
              "pass": true,
              "fail": false,
              "pending": false,
              "context": null,
              "code": "cy.checkout();\n// checkoutDashboard.contaPage.should('be.visible')\ncy.get('.page-title').should('be.visible');",
              "err": {},
              "uuid": "7d0f382a-8b7c-49ab-b608-9acf97afbd41",
              "parentUUID": "98fb8b94-959d-4ca7-8f01-707eae7b56d5",
              "isHook": false,
              "skipped": false
            }
          ],
          "suites": [],
          "passes": [
            "24240987-a9cf-4613-a71b-51c72caa2027",
            "7d0f382a-8b7c-49ab-b608-9acf97afbd41"
          ],
          "failures": [],
          "pending": [],
          "skipped": [],
          "duration": 5081,
          "root": false,
          "rootEmpty": false,
          "_timeout": 2000
        }
      ],
      "passes": [],
      "failures": [],
      "pending": [],
      "skipped": [],
      "duration": 0,
      "root": true,
      "rootEmpty": true,
      "_timeout": 2000
    }
  ],
  "meta": {
    "mocha": {
      "version": "7.0.1"
    },
    "mochawesome": {
      "options": {
        "quiet": false,
        "reportFilename": "mochawesome",
        "saveHtml": false,
        "saveJson": true,
        "consoleReporter": "spec",
        "useInlineDiffs": false,
        "code": true
      },
      "version": "7.1.3"
    },
    "marge": {
      "options": {
        "reportDir": "mochawesome-report",
        "overwrite": false,
        "html": false,
        "json": true
      },
      "version": "6.2.0"
    }
  }
}