{
  "stats": {
    "suites": 1,
    "tests": 1,
    "passes": 1,
    "pending": 0,
    "failures": 0,
    "start": "2023-07-07T22:03:50.449Z",
    "end": "2023-07-07T22:04:02.947Z",
    "duration": 12498,
    "testsRegistered": 1,
    "passPercent": 100,
    "pendingPercent": 0,
    "other": 0,
    "hasOther": false,
    "skipped": 0,
    "hasSkipped": false
  },
  "results": [
    {
      "uuid": "982ac18d-c85b-460d-b0ec-6946a0150821",
      "title": "",
      "fullFile": "cypress\\e2e\\cadastroTestPatternsPageObjects.cy.js",
      "file": "cypress\\e2e\\cadastroTestPatternsPageObjects.cy.js",
      "beforeHooks": [],
      "afterHooks": [],
      "tests": [],
      "suites": [
        {
          "uuid": "b8b497ca-1ba4-4f29-b2af-d43110e3c8de",
          "title": "Realizar novo cadastro",
          "fullFile": "",
          "file": "",
          "beforeHooks": [],
          "afterHooks": [],
          "tests": [
            {
              "title": "Novo cadastro",
              "fullTitle": "Realizar novo cadastro Novo cadastro",
              "timedOut": null,
              "duration": 12421,
              "state": "passed",
              "speed": "slow",
              "pass": true,
              "fail": false,
              "pending": false,
              "context": null,
              "code": "cadastroPage.cadastro(email, password);\ncy.wait(2000);\n// dashboardPage.minhaPage.should(\"be.visible\")\ncy.get('.woocommerce-MyAccount-navigation').should('be.visible');",
              "err": {},
              "uuid": "61ce91ca-95ee-4ee8-b280-36a396c62d70",
              "parentUUID": "b8b497ca-1ba4-4f29-b2af-d43110e3c8de",
              "isHook": false,
              "skipped": false
            }
          ],
          "suites": [],
          "passes": [
            "61ce91ca-95ee-4ee8-b280-36a396c62d70"
          ],
          "failures": [],
          "pending": [],
          "skipped": [],
          "duration": 12421,
          "root": false,
          "rootEmpty": false,
          "_timeout": 2000
        }
      ],
      "passes": [],
      "failures": [],
      "pending": [],
      "skipped": [],
      "duration": 0,
      "root": true,
      "rootEmpty": true,
      "_timeout": 2000
    }
  ],
  "meta": {
    "mocha": {
      "version": "7.0.1"
    },
    "mochawesome": {
      "options": {
        "quiet": false,
        "reportFilename": "mochawesome",
        "saveHtml": false,
        "saveJson": true,
        "consoleReporter": "spec",
        "useInlineDiffs": false,
        "code": true
      },
      "version": "7.1.3"
    },
    "marge": {
      "options": {
        "reportDir": "mochawesome-report",
        "overwrite": false,
        "html": false,
        "json": true
      },
      "version": "6.2.0"
    }
  }
}